<?xml version="1.0" encoding="UTF-8"?>
<!-- Generated by org.testng.reporters.JUnitXMLReporter -->
<testsuite hostname="FlyingBeast" ignored="0" name="Junglee Suite" tests="5" failures="0" timestamp="2019-12-09T07:10:21 IST" time="54.493" errors="0">
  <testcase name="@BeforeMethod setUp" time="15.872" classname="com.qa.junglee.tests.LobbyPageTests">
    <failure type="org.openqa.selenium.SessionNotCreatedException" message="session not created
from chrome not reachable
  (Session info: chrome=78.0.3904.108)
Build info: version: &amp;apos;3.13.0&amp;apos;, revision: &amp;apos;2f0d292&amp;apos;, time: &amp;apos;2018-06-25T15:24:21.231Z&amp;apos;
System info: host: &amp;apos;FLYINGBEAST&amp;apos;, ip: &amp;apos;192.168.137.1&amp;apos;, os.name: &amp;apos;Windows 10&amp;apos;, os.arch: &amp;apos;amd64&amp;apos;, os.version: &amp;apos;10.0&amp;apos;, java.version: &amp;apos;1.8.0_221&amp;apos;
Driver info: driver.version: ChromeDriver
remote stacktrace: Backtrace:
	Ordinal0 [0x00B0A923+1550627]
	Ordinal0 [0x00A8A731+1025841]
	Ordinal0 [0x00A0C5BE+509374]
	Ordinal0 [0x00A062F2+484082]
	Ordinal0 [0x00A069CB+485835]
	Ordinal0 [0x00A07B35+490293]
	Ordinal0 [0x00A03AB5+473781]
	Ordinal0 [0x00A0D360+512864]
	Ordinal0 [0x009BB649+177737]
	Ordinal0 [0x009BA8ED+174317]
	Ordinal0 [0x009B8CDB+167131]
	Ordinal0 [0x009A144A+70730]
	Ordinal0 [0x009A24D0+74960]
	Ordinal0 [0x009A2469+74857]
	Ordinal0 [0x00AA42F7+1131255]
	GetHandleVerifier [0x00BA711D+523789]
	GetHandleVerifier [0x00BA6EB0+523168]
	GetHandleVerifier [0x00BAE207+552695]
	GetHandleVerifier [0x00BA791A+525834]
	Ordinal0 [0x00A9B82C+1095724]
	Ordinal0 [0x00AA636B+1139563]
	Ordinal0 [0x00AA64D3+1139923]
	Ordinal0 [0x00AA5455+1135701]
	BaseThreadInitThunk [0x76B46359+25]
	RtlGetAppContainerNamedObjectPath [0x77BE7B74+228]
	RtlGetAppContainerNamedObjectPath [0x77BE7B44+180]
">
      <![CDATA[org.openqa.selenium.SessionNotCreatedException: session not created
from chrome not reachable
  (Session info: chrome=78.0.3904.108)
Build info: version: '3.13.0', revision: '2f0d292', time: '2018-06-25T15:24:21.231Z'
System info: host: 'FLYINGBEAST', ip: '192.168.137.1', os.name: 'Windows 10', os.arch: 'amd64', os.version: '10.0', java.version: '1.8.0_221'
Driver info: driver.version: ChromeDriver
remote stacktrace: Backtrace:
Ordinal0 [0x00B0A923+1550627]
Ordinal0 [0x00A8A731+1025841]
Ordinal0 [0x00A0C5BE+509374]
Ordinal0 [0x00A062F2+484082]
Ordinal0 [0x00A069CB+485835]
Ordinal0 [0x00A07B35+490293]
Ordinal0 [0x00A03AB5+473781]
Ordinal0 [0x00A0D360+512864]
Ordinal0 [0x009BB649+177737]
Ordinal0 [0x009BA8ED+174317]
Ordinal0 [0x009B8CDB+167131]
Ordinal0 [0x009A144A+70730]
Ordinal0 [0x009A24D0+74960]
Ordinal0 [0x009A2469+74857]
Ordinal0 [0x00AA42F7+1131255]
GetHandleVerifier [0x00BA711D+523789]
GetHandleVerifier [0x00BA6EB0+523168]
GetHandleVerifier [0x00BAE207+552695]
GetHandleVerifier [0x00BA791A+525834]
Ordinal0 [0x00A9B82C+1095724]
Ordinal0 [0x00AA636B+1139563]
Ordinal0 [0x00AA64D3+1139923]
Ordinal0 [0x00AA5455+1135701]
BaseThreadInitThunk [0x76B46359+25]
RtlGetAppContainerNamedObjectPath [0x77BE7B74+228]
RtlGetAppContainerNamedObjectPath [0x77BE7B44+180]

at org.openqa.selenium.remote.W3CHandshakeResponse.lambda$new$0(W3CHandshakeResponse.java:57)
at org.openqa.selenium.remote.W3CHandshakeResponse.lambda$getResponseFunction$2(W3CHandshakeResponse.java:104)
at org.openqa.selenium.remote.ProtocolHandshake.lambda$createSession$0(ProtocolHandshake.java:123)
at java.util.stream.ReferencePipeline$3$1.accept(Unknown Source)
at java.util.Spliterators$ArraySpliterator.tryAdvance(Unknown Source)
at java.util.stream.ReferencePipeline.forEachWithCancel(Unknown Source)
at java.util.stream.AbstractPipeline.copyIntoWithCancel(Unknown Source)
at java.util.stream.AbstractPipeline.copyInto(Unknown Source)
at java.util.stream.AbstractPipeline.wrapAndCopyInto(Unknown Source)
at java.util.stream.FindOps$FindOp.evaluateSequential(Unknown Source)
at java.util.stream.AbstractPipeline.evaluate(Unknown Source)
at java.util.stream.ReferencePipeline.findFirst(Unknown Source)
at org.openqa.selenium.remote.ProtocolHandshake.createSession(ProtocolHandshake.java:126)
at org.openqa.selenium.remote.ProtocolHandshake.createSession(ProtocolHandshake.java:73)
at org.openqa.selenium.remote.HttpCommandExecutor.execute(HttpCommandExecutor.java:136)
at org.openqa.selenium.remote.service.DriverCommandExecutor.execute(DriverCommandExecutor.java:83)
at org.openqa.selenium.remote.RemoteWebDriver.execute(RemoteWebDriver.java:548)
at org.openqa.selenium.remote.RemoteWebDriver.startSession(RemoteWebDriver.java:212)
at org.openqa.selenium.remote.RemoteWebDriver.<init>(RemoteWebDriver.java:130)
at org.openqa.selenium.chrome.ChromeDriver.<init>(ChromeDriver.java:181)
at org.openqa.selenium.chrome.ChromeDriver.<init>(ChromeDriver.java:168)
at org.openqa.selenium.chrome.ChromeDriver.<init>(ChromeDriver.java:123)
at com.qa.junglee.pages.BasePage.init(BasePage.java:26)
at com.qa.junglee.tests.LobbyPageTests.setUp(LobbyPageTests.java:35)
at java.util.ArrayList.forEach(Unknown Source)
... Removed 35 stack frames]]>
    </failure>
  </testcase> <!-- @BeforeMethod setUp -->
  <testcase name="@AfterMethod tearDown" time="-1.57585562152E9" classname="com.qa.junglee.tests.LobbyPageTests">
    <skipped/>
  </testcase> <!-- @AfterMethod tearDown -->
  <testcase name="@BeforeMethod setUp" time="-1.575855621521E9" classname="com.qa.junglee.tests.LobbyPageTests">
    <skipped/>
  </testcase> <!-- @BeforeMethod setUp -->
  <testcase name="@AfterMethod tearDown" time="-1.575855621525E9" classname="com.qa.junglee.tests.LobbyPageTests">
    <skipped/>
  </testcase> <!-- @AfterMethod tearDown -->
  <testcase name="startPageTitleTest" time="0.025" classname="com.qa.junglee.tests.StartPageTests"/>
  <testcase name="loginPageTest" time="0.04" classname="com.qa.junglee.tests.LoginPageTests"/>
  <testcase name="registerPageTest" time="0.238" classname="com.qa.junglee.tests.RegisterPageTests"/>
  <testcase name="registerTest" time="0.0" classname="com.qa.junglee.tests.LobbyPageTests">
    <skipped/>
  </testcase> <!-- registerTest -->
  <testcase name="loginTest" time="0.0" classname="com.qa.junglee.tests.LobbyPageTests">
    <skipped/>
  </testcase> <!-- loginTest -->
</testsuite> <!-- Junglee Suite -->
